==13409== Memcheck, a memory error detector
==13409== Copyright (C) 2002-2017, and GNU GPL'd, by Julian Seward et al.
==13409== Using Valgrind-3.13.0 and LibVEX; rerun with -h for copyright info
==13409== Command: ./simplesh
==13409== 
--13409-- Valgrind options:
--13409--    --leak-check=full
--13409--    --show-leak-kinds=all
--13409--    --suppressions=libreadline.supp
--13409--    --trace-children=no
--13409--    --child-silent-after-fork=yes
--13409--    -v
--13409-- Contents of /proc/version:
--13409--   Linux version 5.0.0-29-generic (buildd@lgw01-amd64-039) (gcc version 7.4.0 (Ubuntu 7.4.0-1ubuntu1~18.04.1)) #31~18.04.1-Ubuntu SMP Thu Sep 12 18:29:21 UTC 2019
--13409-- 
--13409-- Arch and hwcaps: AMD64, LittleEndian, amd64-cx16-lzcnt-rdtscp-sse3-avx-avx2-bmi
--13409-- Page sizes: currently 4096, max supported 4096
--13409-- Valgrind library directory: /usr/lib/valgrind
--13409-- Reading syms from /home/juanjo/Escritorio/ASO/simplesh/simplesh
--13409-- Reading syms from /lib/x86_64-linux-gnu/ld-2.27.so
--13409--   Considering /lib/x86_64-linux-gnu/ld-2.27.so ..
--13409--   .. CRC mismatch (computed 1b7c895e wanted 2943108a)
--13409--   Considering /usr/lib/debug/lib/x86_64-linux-gnu/ld-2.27.so ..
--13409--   .. CRC is valid
--13409-- Reading syms from /usr/lib/valgrind/memcheck-amd64-linux
--13409--   Considering /usr/lib/valgrind/memcheck-amd64-linux ..
--13409--   .. CRC mismatch (computed c25f395c wanted 0a9602a8)
--13409--    object doesn't have a symbol table
--13409--    object doesn't have a dynamic symbol table
--13409-- Scheduler: using generic scheduler lock implementation.
--13409-- Reading suppressions file: libreadline.supp
--13409-- Reading suppressions file: /usr/lib/valgrind/default.supp
==13409== embedded gdbserver: reading from /tmp/vgdb-pipe-from-vgdb-to-13409-by-juanjo-on-???
==13409== embedded gdbserver: writing to   /tmp/vgdb-pipe-to-vgdb-from-13409-by-juanjo-on-???
==13409== embedded gdbserver: shared mem   /tmp/vgdb-pipe-shared-mem-vgdb-13409-by-juanjo-on-???
==13409== 
==13409== TO CONTROL THIS PROCESS USING vgdb (which you probably
==13409== don't want to do, unless you know exactly what you're doing,
==13409== or are doing some strange experiment):
==13409==   /usr/lib/valgrind/../../bin/vgdb --pid=13409 ...command...
==13409== 
==13409== TO DEBUG THIS PROCESS USING GDB: start GDB like this
==13409==   /path/to/gdb ./simplesh
==13409== and then give GDB the following command
==13409==   target remote | /usr/lib/valgrind/../../bin/vgdb --pid=13409
==13409== --pid is optional if only one valgrind process is running
==13409== 
--13409-- REDIR: 0x401f2f0 (ld-linux-x86-64.so.2:strlen) redirected to 0x58060901 (???)
--13409-- REDIR: 0x401f0d0 (ld-linux-x86-64.so.2:index) redirected to 0x5806091b (???)
--13409-- Reading syms from /usr/lib/valgrind/vgpreload_core-amd64-linux.so
--13409--   Considering /usr/lib/valgrind/vgpreload_core-amd64-linux.so ..
--13409--   .. CRC mismatch (computed 4b63d83e wanted 670599e6)
--13409--    object doesn't have a symbol table
--13409-- Reading syms from /usr/lib/valgrind/vgpreload_memcheck-amd64-linux.so
--13409--   Considering /usr/lib/valgrind/vgpreload_memcheck-amd64-linux.so ..
--13409--   .. CRC mismatch (computed a4b37bee wanted 8ad4dc94)
--13409--    object doesn't have a symbol table
==13409== WARNING: new redirection conflicts with existing -- ignoring it
--13409--     old: 0x0401f2f0 (strlen              ) R-> (0000.0) 0x58060901 ???
--13409--     new: 0x0401f2f0 (strlen              ) R-> (2007.0) 0x04c32db0 strlen
--13409-- REDIR: 0x401d360 (ld-linux-x86-64.so.2:strcmp) redirected to 0x4c33ee0 (strcmp)
--13409-- REDIR: 0x401f830 (ld-linux-x86-64.so.2:mempcpy) redirected to 0x4c374f0 (mempcpy)
--13409-- Reading syms from /lib/x86_64-linux-gnu/libreadline.so.7.0
--13409--    object doesn't have a symbol table
--13409-- Reading syms from /lib/x86_64-linux-gnu/libc-2.27.so
--13409--   Considering /lib/x86_64-linux-gnu/libc-2.27.so ..
--13409--   .. CRC mismatch (computed b1c74187 wanted 042cc048)
--13409--   Considering /usr/lib/debug/lib/x86_64-linux-gnu/libc-2.27.so ..
--13409--   .. CRC is valid
--13409-- Reading syms from /lib/x86_64-linux-gnu/libtinfo.so.5.9
--13409--    object doesn't have a symbol table
--13409-- REDIR: 0x5123c70 (libc.so.6:memmove) redirected to 0x4a2a6e0 (_vgnU_ifunc_wrapper)
--13409-- REDIR: 0x5122d40 (libc.so.6:strncpy) redirected to 0x4a2a6e0 (_vgnU_ifunc_wrapper)
--13409-- REDIR: 0x5123f50 (libc.so.6:strcasecmp) redirected to 0x4a2a6e0 (_vgnU_ifunc_wrapper)
--13409-- REDIR: 0x5122790 (libc.so.6:strcat) redirected to 0x4a2a6e0 (_vgnU_ifunc_wrapper)
--13409-- REDIR: 0x5122d70 (libc.so.6:rindex) redirected to 0x4a2a6e0 (_vgnU_ifunc_wrapper)
--13409-- REDIR: 0x51257c0 (libc.so.6:rawmemchr) redirected to 0x4a2a6e0 (_vgnU_ifunc_wrapper)
--13409-- REDIR: 0x5123de0 (libc.so.6:mempcpy) redirected to 0x4a2a6e0 (_vgnU_ifunc_wrapper)
--13409-- REDIR: 0x5123c10 (libc.so.6:bcmp) redirected to 0x4a2a6e0 (_vgnU_ifunc_wrapper)
--13409-- REDIR: 0x5122d00 (libc.so.6:strncmp) redirected to 0x4a2a6e0 (_vgnU_ifunc_wrapper)
--13409-- REDIR: 0x5122800 (libc.so.6:strcmp) redirected to 0x4a2a6e0 (_vgnU_ifunc_wrapper)
--13409-- REDIR: 0x5123d40 (libc.so.6:memset) redirected to 0x4a2a6e0 (_vgnU_ifunc_wrapper)
--13409-- REDIR: 0x51410f0 (libc.so.6:wcschr) redirected to 0x4a2a6e0 (_vgnU_ifunc_wrapper)
--13409-- REDIR: 0x5122ca0 (libc.so.6:strnlen) redirected to 0x4a2a6e0 (_vgnU_ifunc_wrapper)
--13409-- REDIR: 0x5122870 (libc.so.6:strcspn) redirected to 0x4a2a6e0 (_vgnU_ifunc_wrapper)
--13409-- REDIR: 0x5123fa0 (libc.so.6:strncasecmp) redirected to 0x4a2a6e0 (_vgnU_ifunc_wrapper)
--13409-- REDIR: 0x5122840 (libc.so.6:strcpy) redirected to 0x4a2a6e0 (_vgnU_ifunc_wrapper)
--13409-- REDIR: 0x51240e0 (libc.so.6:memcpy@@GLIBC_2.14) redirected to 0x4a2a6e0 (_vgnU_ifunc_wrapper)
--13409-- REDIR: 0x5122da0 (libc.so.6:strpbrk) redirected to 0x4a2a6e0 (_vgnU_ifunc_wrapper)
--13409-- REDIR: 0x51227c0 (libc.so.6:index) redirected to 0x4a2a6e0 (_vgnU_ifunc_wrapper)
--13409-- REDIR: 0x5122c70 (libc.so.6:strlen) redirected to 0x4a2a6e0 (_vgnU_ifunc_wrapper)
--13409-- REDIR: 0x512d6c0 (libc.so.6:memrchr) redirected to 0x4a2a6e0 (_vgnU_ifunc_wrapper)
--13409-- REDIR: 0x5123ff0 (libc.so.6:strcasecmp_l) redirected to 0x4a2a6e0 (_vgnU_ifunc_wrapper)
--13409-- REDIR: 0x5123be0 (libc.so.6:memchr) redirected to 0x4a2a6e0 (_vgnU_ifunc_wrapper)
--13409-- REDIR: 0x5141eb0 (libc.so.6:wcslen) redirected to 0x4a2a6e0 (_vgnU_ifunc_wrapper)
--13409-- REDIR: 0x5123050 (libc.so.6:strspn) redirected to 0x4a2a6e0 (_vgnU_ifunc_wrapper)
--13409-- REDIR: 0x5123f20 (libc.so.6:stpncpy) redirected to 0x4a2a6e0 (_vgnU_ifunc_wrapper)
--13409-- REDIR: 0x5123ef0 (libc.so.6:stpcpy) redirected to 0x4a2a6e0 (_vgnU_ifunc_wrapper)
--13409-- REDIR: 0x51257f0 (libc.so.6:strchrnul) redirected to 0x4a2a6e0 (_vgnU_ifunc_wrapper)
--13409-- REDIR: 0x5124040 (libc.so.6:strncasecmp_l) redirected to 0x4a2a6e0 (_vgnU_ifunc_wrapper)
--13409-- REDIR: 0x5122cd0 (libc.so.6:strncat) redirected to 0x4a2a6e0 (_vgnU_ifunc_wrapper)
--13409-- REDIR: 0x51b68a0 (libc.so.6:__memcpy_chk) redirected to 0x4a2a6e0 (_vgnU_ifunc_wrapper)
--13409-- REDIR: 0x5123b20 (libc.so.6:strstr) redirected to 0x4a2a6e0 (_vgnU_ifunc_wrapper)
--13409-- REDIR: 0x52133c0 (libc.so.6:__strrchr_avx2) redirected to 0x4c32730 (rindex)
--13409-- REDIR: 0x5213590 (libc.so.6:__strlen_avx2) redirected to 0x4c32cf0 (strlen)
--13409-- REDIR: 0x511c070 (libc.so.6:malloc) redirected to 0x4c2faa0 (malloc)
--13409-- REDIR: 0x5123590 (libc.so.6:__GI_strstr) redirected to 0x4c37760 (__strstr_sse2)
--13409-- REDIR: 0x520f420 (libc.so.6:__memchr_avx2) redirected to 0x4c33f80 (memchr)
--13409-- REDIR: 0x5213ad0 (libc.so.6:__memcpy_avx_unaligned_erms) redirected to 0x4c366e0 (memmove)
--13409-- REDIR: 0x52131d0 (libc.so.6:__strchrnul_avx2) redirected to 0x4c37020 (strchrnul)
--13409-- REDIR: 0x5213ab0 (libc.so.6:__mempcpy_avx_unaligned_erms) redirected to 0x4c37130 (mempcpy)
--13409-- REDIR: 0x52115f0 (libc.so.6:__strncasecmp_avx) redirected to 0x4c336d0 (strncasecmp)
--13409-- REDIR: 0x511c950 (libc.so.6:free) redirected to 0x4c30cd0 (free)
--13409-- REDIR: 0x51eed60 (libc.so.6:__strcmp_ssse3) redirected to 0x4c33da0 (strcmp)
--13409-- REDIR: 0x5204c80 (libc.so.6:__stpcpy_ssse3) redirected to 0x4c35f60 (stpcpy)
--13409-- REDIR: 0x511f030 (libc.so.6:calloc) redirected to 0x4c31a70 (calloc)
--13409-- Reading syms from /lib/x86_64-linux-gnu/libnss_compat-2.27.so
--13409--   Considering /lib/x86_64-linux-gnu/libnss_compat-2.27.so ..
--13409--   .. CRC mismatch (computed afe25112 wanted 3a92b55b)
--13409--   Considering /usr/lib/debug/lib/x86_64-linux-gnu/libnss_compat-2.27.so ..
--13409--   .. CRC is valid
--13409-- REDIR: 0x5200950 (libc.so.6:__strcpy_ssse3) redirected to 0x4c32dd0 (strcpy)
--13409-- Reading syms from /lib/x86_64-linux-gnu/libnss_nis-2.27.so
--13409--   Considering /lib/x86_64-linux-gnu/libnss_nis-2.27.so ..
--13409--   .. CRC mismatch (computed 310534dc wanted 22d60ee8)
--13409--   Considering /usr/lib/debug/lib/x86_64-linux-gnu/libnss_nis-2.27.so ..
--13409--   .. CRC is valid
--13409-- Reading syms from /lib/x86_64-linux-gnu/libnsl-2.27.so
--13409--   Considering /lib/x86_64-linux-gnu/libnsl-2.27.so ..
--13409--   .. CRC mismatch (computed 5dfb2e24 wanted a9b787f5)
--13409--   Considering /usr/lib/debug/lib/x86_64-linux-gnu/libnsl-2.27.so ..
--13409--   .. CRC is valid
--13409-- Reading syms from /lib/x86_64-linux-gnu/libnss_files-2.27.so
--13409--   Considering /lib/x86_64-linux-gnu/libnss_files-2.27.so ..
--13409--   .. CRC mismatch (computed 5cdb0f74 wanted 1b4e69e7)
--13409--   Considering /usr/lib/debug/lib/x86_64-linux-gnu/libnss_files-2.27.so ..
--13409--   .. CRC is valid
--13409-- REDIR: 0x5212fa0 (libc.so.6:__strchr_avx2) redirected to 0x4c32950 (index)
--13409-- REDIR: 0x520a510 (libc.so.6:__strncmp_sse42) redirected to 0x4c33570 (__strncmp_sse42)
--13409-- REDIR: 0x5213720 (libc.so.6:__strnlen_avx2) redirected to 0x4c32c90 (strnlen)
--13409-- REDIR: 0x5213ac0 (libc.so.6:__memcpy_chk_avx_unaligned_erms) redirected to 0x4c375e0 (__memcpy_chk)
--13409-- REDIR: 0x511dc30 (libc.so.6:realloc) redirected to 0x4c31cb0 (realloc)
--13409-- REDIR: 0x5202100 (libc.so.6:__strncpy_ssse3) redirected to 0x4c32fb0 (strncpy)
--13409-- REDIR: 0x50c7c50 (libc.so.6:setenv) redirected to 0x4c37de0 (setenv)
--13409-- REDIR: 0x520ff80 (libc.so.6:__strcasecmp_avx) redirected to 0x4c335f0 (strcasecmp)
--13409-- REDIR: 0x5213f50 (libc.so.6:__memset_avx2_unaligned_erms) redirected to 0x4c365d0 (memset)
--13409-- REDIR: 0x520fba0 (libc.so.6:__memcmp_avx2_movbe) redirected to 0x4c35e00 (bcmp)
==13409== Conditional jump or move depends on uninitialised value(s)
==13409==    at 0x5104B69: getdelim (iogetdelim.c:59)
==13409==    by 0x10A4FE: is_intern_cmd (simplesh.c:767)
==13409==    by 0x10A834: run_cmd (simplesh.c:855)
==13409==    by 0x10BBD2: main (simplesh.c:1213)
==13409== 
--13409-- REDIR: 0x520f300 (libc.so.6:__strspn_sse42) redirected to 0x4c37990 (strspn)
--13409-- REDIR: 0x520f070 (libc.so.6:__strcspn_sse42) redirected to 0x4c378d0 (strcspn)
==13409== 
==13409== Process terminating with default action of signal 2 (SIGINT)
==13409==    at 0x50C4187: kill (syscall-template.S:78)
==13409==    by 0x4E65D3A: ??? (in /lib/x86_64-linux-gnu/libreadline.so.7.0)
==13409==    by 0x4E68096: rl_getc (in /lib/x86_64-linux-gnu/libreadline.so.7.0)
==13409==    by 0x4E6886D: rl_read_key (in /lib/x86_64-linux-gnu/libreadline.so.7.0)
==13409==    by 0x4E50744: readline_internal_char (in /lib/x86_64-linux-gnu/libreadline.so.7.0)
==13409==    by 0x4E50F24: readline (in /lib/x86_64-linux-gnu/libreadline.so.7.0)
==13409==    by 0x10BA0F: get_cmd (simplesh.c:1144)
==13409==    by 0x10BBF4: main (simplesh.c:1199)
--13409-- Discarding syms at 0x5aa12a0-0x5aa71c4 in /lib/x86_64-linux-gnu/libnss_compat-2.27.so due to munmap()
--13409-- Discarding syms at 0x5cac070-0x5cb30d9 in /lib/x86_64-linux-gnu/libnss_nis-2.27.so due to munmap()
--13409-- Discarding syms at 0x5eba090-0x5ec7807 in /lib/x86_64-linux-gnu/libnsl-2.27.so due to munmap()
--13409-- Discarding syms at 0x60d2350-0x60d8d7f in /lib/x86_64-linux-gnu/libnss_files-2.27.so due to munmap()
==13409== 
==13409== HEAP SUMMARY:
==13409==     in use at exit: 134,347 bytes in 195 blocks
==13409==   total heap usage: 389 allocs, 194 frees, 173,694 bytes allocated
==13409== 
==13409== Searching for pointers to 195 not-freed blocks
==13409== Checked 170,712 bytes
==13409== 
==13409== LEAK SUMMARY:
==13409==    definitely lost: 0 bytes in 0 blocks
==13409==    indirectly lost: 0 bytes in 0 blocks
==13409==      possibly lost: 0 bytes in 0 blocks
==13409==    still reachable: 0 bytes in 0 blocks
==13409==         suppressed: 134,347 bytes in 195 blocks
==13409== 
==13409== Use --track-origins=yes to see where uninitialised values come from
==13409== ERROR SUMMARY: 1 errors from 1 contexts (suppressed: 0 from 0)
==13409== 
==13409== 1 errors in context 1 of 1:
==13409== Conditional jump or move depends on uninitialised value(s)
==13409==    at 0x5104B69: getdelim (iogetdelim.c:59)
==13409==    by 0x10A4FE: is_intern_cmd (simplesh.c:767)
==13409==    by 0x10A834: run_cmd (simplesh.c:855)
==13409==    by 0x10BBD2: main (simplesh.c:1213)
==13409== 
--13409-- 
--13409-- used_suppression:     45 libreadline libreadline.supp:2 suppressed: 134,347 bytes in 195 blocks
==13409== 
==13409== ERROR SUMMARY: 1 errors from 1 contexts (suppressed: 0 from 0)
